<?xml version="1.0" encoding="UTF-8"?>
<testng-results skipped="0" failed="0" total="1" passed="1">
  <reporter-output>
  </reporter-output>
  <suite name="Suite" duration-ms="5585" started-at="2016-10-03T15:55:12Z" finished-at="2016-10-03T15:55:18Z">
    <groups>
    </groups>
    <test name="Test" duration-ms="5585" started-at="2016-10-03T15:55:12Z" finished-at="2016-10-03T15:55:18Z">
      <class name="com.TestGmail.TestGmail">
        <test-method status="PASS" signature="init()[pri:0, instance:com.TestGmail.TestGmail@6d57bbd4]" name="init" is-config="true" duration-ms="9689" started-at="2016-10-03T12:55:03Z" finished-at="2016-10-03T12:55:12Z">
          <reporter-output>
          </reporter-output>
        </test-method> <!-- init -->
        <test-method status="PASS" signature="Test01()[pri:0, instance:com.TestGmail.TestGmail@6d57bbd4]" name="Test01" duration-ms="5572" started-at="2016-10-03T12:55:12Z" finished-at="2016-10-03T12:55:18Z">
          <reporter-output>
          </reporter-output>
        </test-method> <!-- Test01 -->
        <test-method status="PASS" signature="quit()[pri:0, instance:com.TestGmail.TestGmail@6d57bbd4]" name="quit" is-config="true" duration-ms="957" started-at="2016-10-03T12:55:18Z" finished-at="2016-10-03T12:55:19Z">
          <reporter-output>
          </reporter-output>
        </test-method> <!-- quit -->
      </class> <!-- com.TestGmail.TestGmail -->
    </test> <!-- Test -->
  </suite> <!-- Suite -->
</testng-results>
